{
  level: 'error',
  message: SyntaxError: Unexpected token h in JSON at position 0
      at JSON.parse (<anonymous>)
      at model.get (C:\Users\Niloufar\Documents\shop-project\NodeJS Application\models\Brand.js:25:25)
      at model.get (C:\Users\Niloufar\Documents\shop-project\NodeJS Application\node_modules\sequelize\lib\model.js:3498:41)
      at model.get (C:\Users\Niloufar\Documents\shop-project\NodeJS Application\node_modules\sequelize\lib\model.js:3532:33)
      at model.get (C:\Users\Niloufar\Documents\shop-project\NodeJS Application\node_modules\sequelize\lib\model.js:3506:39)
      at model.get (C:\Users\Niloufar\Documents\shop-project\NodeJS Application\node_modules\sequelize\lib\model.js:3542:31)
      at model.toJSON (C:\Users\Niloufar\Documents\shop-project\NodeJS Application\node_modules\sequelize\lib\model.js:4401:12)
      at JSON.stringify (<anonymous>)
      at stringify (C:\Users\Niloufar\Documents\shop-project\NodeJS Application\node_modules\express\lib\response.js:1128:12)
      at ServerResponse.json (C:\Users\Niloufar\Documents\shop-project\NodeJS Application\node_modules\express\lib\response.js:260:14)
      at ServerResponse.send (C:\Users\Niloufar\Documents\shop-project\NodeJS Application\node_modules\express\lib\response.js:158:21)
      at exports.index (C:\Users\Niloufar\Documents\shop-project\NodeJS Application\Admin\controller\product\productController.js:127:32)
      at processTicksAndRejections (internal/process/task_queues.js:95:5),
  label: '  label: `Label🏷️`',
  timestamp: '2022-01-05T10:48:38.737Z'
}
{
  level: 'error',
  message: SyntaxError: Unexpected token h in JSON at position 0
      at JSON.parse (<anonymous>)
      at model.get (C:\Users\Niloufar\Documents\shop-project\NodeJS Application\models\Brand.js:25:25)
      at model.get (C:\Users\Niloufar\Documents\shop-project\NodeJS Application\node_modules\sequelize\lib\model.js:3498:41)
      at model.get (C:\Users\Niloufar\Documents\shop-project\NodeJS Application\node_modules\sequelize\lib\model.js:3532:33)
      at model.get (C:\Users\Niloufar\Documents\shop-project\NodeJS Application\node_modules\sequelize\lib\model.js:3506:39)
      at model.get (C:\Users\Niloufar\Documents\shop-project\NodeJS Application\node_modules\sequelize\lib\model.js:3542:31)
      at model.toJSON (C:\Users\Niloufar\Documents\shop-project\NodeJS Application\node_modules\sequelize\lib\model.js:4401:12)
      at JSON.stringify (<anonymous>)
      at stringify (C:\Users\Niloufar\Documents\shop-project\NodeJS Application\node_modules\express\lib\response.js:1128:12)
      at ServerResponse.json (C:\Users\Niloufar\Documents\shop-project\NodeJS Application\node_modules\express\lib\response.js:260:14)
      at ServerResponse.send (C:\Users\Niloufar\Documents\shop-project\NodeJS Application\node_modules\express\lib\response.js:158:21)
      at exports.index (C:\Users\Niloufar\Documents\shop-project\NodeJS Application\Admin\controller\product\productController.js:127:32)
      at processTicksAndRejections (internal/process/task_queues.js:95:5),
  label: '  label: `Label🏷️`',
  timestamp: '2022-01-05T10:48:59.688Z'
}
{
  level: 'error',
  message: SyntaxError: Unexpected token h in JSON at position 0
      at JSON.parse (<anonymous>)
      at model.get (C:\Users\Niloufar\Documents\shop-project\NodeJS Application\models\Brand.js:25:25)
      at model.get (C:\Users\Niloufar\Documents\shop-project\NodeJS Application\node_modules\sequelize\lib\model.js:3498:41)
      at model.get (C:\Users\Niloufar\Documents\shop-project\NodeJS Application\node_modules\sequelize\lib\model.js:3532:33)
      at model.get (C:\Users\Niloufar\Documents\shop-project\NodeJS Application\node_modules\sequelize\lib\model.js:3506:39)
      at model.get (C:\Users\Niloufar\Documents\shop-project\NodeJS Application\node_modules\sequelize\lib\model.js:3542:31)
      at model.toJSON (C:\Users\Niloufar\Documents\shop-project\NodeJS Application\node_modules\sequelize\lib\model.js:4401:12)
      at JSON.stringify (<anonymous>)
      at stringify (C:\Users\Niloufar\Documents\shop-project\NodeJS Application\node_modules\express\lib\response.js:1128:12)
      at ServerResponse.json (C:\Users\Niloufar\Documents\shop-project\NodeJS Application\node_modules\express\lib\response.js:260:14)
      at ServerResponse.send (C:\Users\Niloufar\Documents\shop-project\NodeJS Application\node_modules\express\lib\response.js:158:21)
      at exports.index (C:\Users\Niloufar\Documents\shop-project\NodeJS Application\Admin\controller\product\productController.js:127:32)
      at processTicksAndRejections (internal/process/task_queues.js:95:5),
  label: '  label: `Label🏷️`',
  timestamp: '2022-01-05T10:52:33.643Z'
}
{
  level: 'error',
  message: SyntaxError: Unexpected token h in JSON at position 0
      at JSON.parse (<anonymous>)
      at model.get (C:\Users\Niloufar\Documents\shop-project\NodeJS Application\models\Brand.js:25:25)
      at model.get (C:\Users\Niloufar\Documents\shop-project\NodeJS Application\node_modules\sequelize\lib\model.js:3498:41)
      at model.get (C:\Users\Niloufar\Documents\shop-project\NodeJS Application\node_modules\sequelize\lib\model.js:3532:33)
      at model.get (C:\Users\Niloufar\Documents\shop-project\NodeJS Application\node_modules\sequelize\lib\model.js:3506:39)
      at model.get (C:\Users\Niloufar\Documents\shop-project\NodeJS Application\node_modules\sequelize\lib\model.js:3542:31)
      at model.toJSON (C:\Users\Niloufar\Documents\shop-project\NodeJS Application\node_modules\sequelize\lib\model.js:4401:12)
      at JSON.stringify (<anonymous>)
      at stringify (C:\Users\Niloufar\Documents\shop-project\NodeJS Application\node_modules\express\lib\response.js:1128:12)
      at ServerResponse.json (C:\Users\Niloufar\Documents\shop-project\NodeJS Application\node_modules\express\lib\response.js:260:14)
      at ServerResponse.send (C:\Users\Niloufar\Documents\shop-project\NodeJS Application\node_modules\express\lib\response.js:158:21)
      at exports.index (C:\Users\Niloufar\Documents\shop-project\NodeJS Application\Admin\controller\product\productController.js:127:32)
      at processTicksAndRejections (internal/process/task_queues.js:95:5),
  label: '  label: `Label🏷️`',
  timestamp: '2022-01-05T10:55:21.903Z'
}
{
  level: 'error',
  message: SyntaxError: Unexpected token h in JSON at position 0
      at JSON.parse (<anonymous>)
      at model.get (C:\Users\Niloufar\Documents\shop-project\NodeJS Application\models\Brand.js:25:25)
      at model.get (C:\Users\Niloufar\Documents\shop-project\NodeJS Application\node_modules\sequelize\lib\model.js:3498:41)
      at model.get (C:\Users\Niloufar\Documents\shop-project\NodeJS Application\node_modules\sequelize\lib\model.js:3532:33)
      at model.get (C:\Users\Niloufar\Documents\shop-project\NodeJS Application\node_modules\sequelize\lib\model.js:3506:39)
      at model.get (C:\Users\Niloufar\Documents\shop-project\NodeJS Application\node_modules\sequelize\lib\model.js:3542:31)
      at model.toJSON (C:\Users\Niloufar\Documents\shop-project\NodeJS Application\node_modules\sequelize\lib\model.js:4401:12)
      at JSON.stringify (<anonymous>)
      at stringify (C:\Users\Niloufar\Documents\shop-project\NodeJS Application\node_modules\express\lib\response.js:1128:12)
      at ServerResponse.json (C:\Users\Niloufar\Documents\shop-project\NodeJS Application\node_modules\express\lib\response.js:260:14)
      at ServerResponse.send (C:\Users\Niloufar\Documents\shop-project\NodeJS Application\node_modules\express\lib\response.js:158:21)
      at exports.index (C:\Users\Niloufar\Documents\shop-project\NodeJS Application\Admin\controller\product\productController.js:127:32)
      at processTicksAndRejections (internal/process/task_queues.js:95:5),
  label: '  label: `Label🏷️`',
  timestamp: '2022-01-05T10:55:35.919Z'
}
{
  level: 'error',
  message: SyntaxError: Unexpected token h in JSON at position 0
      at JSON.parse (<anonymous>)
      at model.get (C:\Users\Niloufar\Documents\shop-project\NodeJS Application\models\Brand.js:25:25)
      at model.get (C:\Users\Niloufar\Documents\shop-project\NodeJS Application\node_modules\sequelize\lib\model.js:3498:41)
      at model.get (C:\Users\Niloufar\Documents\shop-project\NodeJS Application\node_modules\sequelize\lib\model.js:3532:33)
      at model.get (C:\Users\Niloufar\Documents\shop-project\NodeJS Application\node_modules\sequelize\lib\model.js:3506:39)
      at model.get (C:\Users\Niloufar\Documents\shop-project\NodeJS Application\node_modules\sequelize\lib\model.js:3542:31)
      at model.toJSON (C:\Users\Niloufar\Documents\shop-project\NodeJS Application\node_modules\sequelize\lib\model.js:4401:12)
      at JSON.stringify (<anonymous>)
      at stringify (C:\Users\Niloufar\Documents\shop-project\NodeJS Application\node_modules\express\lib\response.js:1128:12)
      at ServerResponse.json (C:\Users\Niloufar\Documents\shop-project\NodeJS Application\node_modules\express\lib\response.js:260:14)
      at ServerResponse.send (C:\Users\Niloufar\Documents\shop-project\NodeJS Application\node_modules\express\lib\response.js:158:21)
      at exports.index (C:\Users\Niloufar\Documents\shop-project\NodeJS Application\Admin\controller\product\productController.js:127:32)
      at processTicksAndRejections (internal/process/task_queues.js:95:5),
  label: '  label: `Label🏷️`',
  timestamp: '2022-01-05T10:56:17.288Z'
}
{
  level: 'error',
  message: SyntaxError: Unexpected token h in JSON at position 0
      at JSON.parse (<anonymous>)
      at model.get (C:\Users\Niloufar\Documents\shop-project\NodeJS Application\models\Brand.js:25:25)
      at model.get (C:\Users\Niloufar\Documents\shop-project\NodeJS Application\node_modules\sequelize\lib\model.js:3498:41)
      at model.get (C:\Users\Niloufar\Documents\shop-project\NodeJS Application\node_modules\sequelize\lib\model.js:3532:33)
      at model.get (C:\Users\Niloufar\Documents\shop-project\NodeJS Application\node_modules\sequelize\lib\model.js:3506:39)
      at model.get (C:\Users\Niloufar\Documents\shop-project\NodeJS Application\node_modules\sequelize\lib\model.js:3542:31)
      at model.toJSON (C:\Users\Niloufar\Documents\shop-project\NodeJS Application\node_modules\sequelize\lib\model.js:4401:12)
      at JSON.stringify (<anonymous>)
      at stringify (C:\Users\Niloufar\Documents\shop-project\NodeJS Application\node_modules\express\lib\response.js:1128:12)
      at ServerResponse.json (C:\Users\Niloufar\Documents\shop-project\NodeJS Application\node_modules\express\lib\response.js:260:14)
      at ServerResponse.send (C:\Users\Niloufar\Documents\shop-project\NodeJS Application\node_modules\express\lib\response.js:158:21)
      at exports.index (C:\Users\Niloufar\Documents\shop-project\NodeJS Application\Customer\controller\product\productController.js:27:32)
      at processTicksAndRejections (internal/process/task_queues.js:95:5),
  label: '  label: `Label🏷️`',
  timestamp: '2022-01-05T10:56:56.592Z'
}
{
  level: 'error',
  message: SyntaxError: Unexpected token h in JSON at position 0
      at JSON.parse (<anonymous>)
      at model.get (C:\Users\Niloufar\Documents\shop-project\NodeJS Application\models\Brand.js:25:25)
      at model.get (C:\Users\Niloufar\Documents\shop-project\NodeJS Application\node_modules\sequelize\lib\model.js:3498:41)
      at model.get (C:\Users\Niloufar\Documents\shop-project\NodeJS Application\node_modules\sequelize\lib\model.js:3532:33)
      at model.get (C:\Users\Niloufar\Documents\shop-project\NodeJS Application\node_modules\sequelize\lib\model.js:3506:39)
      at model.get (C:\Users\Niloufar\Documents\shop-project\NodeJS Application\node_modules\sequelize\lib\model.js:3542:31)
      at model.toJSON (C:\Users\Niloufar\Documents\shop-project\NodeJS Application\node_modules\sequelize\lib\model.js:4401:12)
      at JSON.stringify (<anonymous>)
      at stringify (C:\Users\Niloufar\Documents\shop-project\NodeJS Application\node_modules\express\lib\response.js:1128:12)
      at ServerResponse.json (C:\Users\Niloufar\Documents\shop-project\NodeJS Application\node_modules\express\lib\response.js:260:14)
      at ServerResponse.send (C:\Users\Niloufar\Documents\shop-project\NodeJS Application\node_modules\express\lib\response.js:158:21)
      at exports.index (C:\Users\Niloufar\Documents\shop-project\NodeJS Application\Customer\controller\product\productController.js:27:32)
      at processTicksAndRejections (internal/process/task_queues.js:95:5),
  label: '  label: `Label🏷️`',
  timestamp: '2022-01-05T11:00:33.281Z'
}
{
  level: 'error',
  message: SyntaxError: Unexpected token h in JSON at position 0
      at JSON.parse (<anonymous>)
      at model.get (C:\Users\Niloufar\Documents\shop-project\NodeJS Application\models\Brand.js:25:25)
      at model.get (C:\Users\Niloufar\Documents\shop-project\NodeJS Application\node_modules\sequelize\lib\model.js:3498:41)
      at model.get (C:\Users\Niloufar\Documents\shop-project\NodeJS Application\node_modules\sequelize\lib\model.js:3532:33)
      at model.get (C:\Users\Niloufar\Documents\shop-project\NodeJS Application\node_modules\sequelize\lib\model.js:3506:39)
      at model.get (C:\Users\Niloufar\Documents\shop-project\NodeJS Application\node_modules\sequelize\lib\model.js:3542:31)
      at model.toJSON (C:\Users\Niloufar\Documents\shop-project\NodeJS Application\node_modules\sequelize\lib\model.js:4401:12)
      at JSON.stringify (<anonymous>)
      at stringify (C:\Users\Niloufar\Documents\shop-project\NodeJS Application\node_modules\express\lib\response.js:1128:12)
      at ServerResponse.json (C:\Users\Niloufar\Documents\shop-project\NodeJS Application\node_modules\express\lib\response.js:260:14)
      at ServerResponse.send (C:\Users\Niloufar\Documents\shop-project\NodeJS Application\node_modules\express\lib\response.js:158:21)
      at exports.index (C:\Users\Niloufar\Documents\shop-project\NodeJS Application\Customer\controller\product\productController.js:27:32)
      at processTicksAndRejections (internal/process/task_queues.js:95:5),
  label: '  label: `Label🏷️`',
  timestamp: '2022-01-05T11:00:36.271Z'
}
{
  level: 'error',
  message: SyntaxError: Unexpected token h in JSON at position 0
      at JSON.parse (<anonymous>)
      at model.get (C:\Users\Niloufar\Documents\shop-project\NodeJS Application\models\Brand.js:25:25)
      at model.get (C:\Users\Niloufar\Documents\shop-project\NodeJS Application\node_modules\sequelize\lib\model.js:3498:41)
      at model.get (C:\Users\Niloufar\Documents\shop-project\NodeJS Application\node_modules\sequelize\lib\model.js:3532:33)
      at model.get (C:\Users\Niloufar\Documents\shop-project\NodeJS Application\node_modules\sequelize\lib\model.js:3506:39)
      at model.get (C:\Users\Niloufar\Documents\shop-project\NodeJS Application\node_modules\sequelize\lib\model.js:3542:31)
      at model.toJSON (C:\Users\Niloufar\Documents\shop-project\NodeJS Application\node_modules\sequelize\lib\model.js:4401:12)
      at JSON.stringify (<anonymous>)
      at stringify (C:\Users\Niloufar\Documents\shop-project\NodeJS Application\node_modules\express\lib\response.js:1128:12)
      at ServerResponse.json (C:\Users\Niloufar\Documents\shop-project\NodeJS Application\node_modules\express\lib\response.js:260:14)
      at ServerResponse.send (C:\Users\Niloufar\Documents\shop-project\NodeJS Application\node_modules\express\lib\response.js:158:21)
      at exports.index (C:\Users\Niloufar\Documents\shop-project\NodeJS Application\Admin\controller\product\productController.js:127:32)
      at processTicksAndRejections (internal/process/task_queues.js:95:5),
  label: '  label: `Label🏷️`',
  timestamp: '2022-01-05T11:45:08.177Z'
}
{
  level: 'error',
  message: SyntaxError: Unexpected token h in JSON at position 0
      at JSON.parse (<anonymous>)
      at model.get (C:\Users\Niloufar\Documents\shop-project\NodeJS Application\models\Brand.js:25:25)
      at model.get (C:\Users\Niloufar\Documents\shop-project\NodeJS Application\node_modules\sequelize\lib\model.js:3498:41)
      at model.get (C:\Users\Niloufar\Documents\shop-project\NodeJS Application\node_modules\sequelize\lib\model.js:3532:33)
      at model.get (C:\Users\Niloufar\Documents\shop-project\NodeJS Application\node_modules\sequelize\lib\model.js:3506:39)
      at model.get (C:\Users\Niloufar\Documents\shop-project\NodeJS Application\node_modules\sequelize\lib\model.js:3542:31)
      at model.toJSON (C:\Users\Niloufar\Documents\shop-project\NodeJS Application\node_modules\sequelize\lib\model.js:4401:12)
      at JSON.stringify (<anonymous>)
      at stringify (C:\Users\Niloufar\Documents\shop-project\NodeJS Application\node_modules\express\lib\response.js:1128:12)
      at ServerResponse.json (C:\Users\Niloufar\Documents\shop-project\NodeJS Application\node_modules\express\lib\response.js:260:14)
      at ServerResponse.send (C:\Users\Niloufar\Documents\shop-project\NodeJS Application\node_modules\express\lib\response.js:158:21)
      at exports.index (C:\Users\Niloufar\Documents\shop-project\NodeJS Application\Admin\controller\product\productController.js:127:32)
      at processTicksAndRejections (internal/process/task_queues.js:95:5),
  label: '  label: `Label🏷️`',
  timestamp: '2022-01-05T11:48:03.960Z'
}
{
  level: 'error',
  message: SyntaxError: Unexpected token h in JSON at position 0
      at JSON.parse (<anonymous>)
      at model.get (C:\Users\Niloufar\Documents\shop-project\NodeJS Application\models\Brand.js:25:25)
      at model.get (C:\Users\Niloufar\Documents\shop-project\NodeJS Application\node_modules\sequelize\lib\model.js:3498:41)
      at model.get (C:\Users\Niloufar\Documents\shop-project\NodeJS Application\node_modules\sequelize\lib\model.js:3532:33)
      at model.get (C:\Users\Niloufar\Documents\shop-project\NodeJS Application\node_modules\sequelize\lib\model.js:3506:39)
      at model.get (C:\Users\Niloufar\Documents\shop-project\NodeJS Application\node_modules\sequelize\lib\model.js:3542:31)
      at model.toJSON (C:\Users\Niloufar\Documents\shop-project\NodeJS Application\node_modules\sequelize\lib\model.js:4401:12)
      at JSON.stringify (<anonymous>)
      at stringify (C:\Users\Niloufar\Documents\shop-project\NodeJS Application\node_modules\express\lib\response.js:1128:12)
      at ServerResponse.json (C:\Users\Niloufar\Documents\shop-project\NodeJS Application\node_modules\express\lib\response.js:260:14)
      at ServerResponse.send (C:\Users\Niloufar\Documents\shop-project\NodeJS Application\node_modules\express\lib\response.js:158:21)
      at exports.index (C:\Users\Niloufar\Documents\shop-project\NodeJS Application\Admin\controller\product\productController.js:127:32)
      at processTicksAndRejections (internal/process/task_queues.js:95:5),
  label: '  label: `Label🏷️`',
  timestamp: '2022-01-05T11:51:23.343Z'
}
{
  level: 'error',
  message: SyntaxError: Unexpected token h in JSON at position 0
      at JSON.parse (<anonymous>)
      at model.get (C:\Users\Niloufar\Documents\shop-project\NodeJS Application\models\Brand.js:25:25)
      at model.get (C:\Users\Niloufar\Documents\shop-project\NodeJS Application\node_modules\sequelize\lib\model.js:3498:41)
      at model.get (C:\Users\Niloufar\Documents\shop-project\NodeJS Application\node_modules\sequelize\lib\model.js:3532:33)
      at model.toJSON (C:\Users\Niloufar\Documents\shop-project\NodeJS Application\node_modules\sequelize\lib\model.js:4401:12)
      at JSON.stringify (<anonymous>)
      at stringify (C:\Users\Niloufar\Documents\shop-project\NodeJS Application\node_modules\express\lib\response.js:1128:12)
      at ServerResponse.json (C:\Users\Niloufar\Documents\shop-project\NodeJS Application\node_modules\express\lib\response.js:260:14)
      at ServerResponse.send (C:\Users\Niloufar\Documents\shop-project\NodeJS Application\node_modules\express\lib\response.js:158:21)
      at exports.index (C:\Users\Niloufar\Documents\shop-project\NodeJS Application\Admin\controller\product\brandController.js:100:32)
      at processTicksAndRejections (internal/process/task_queues.js:95:5),
  label: '  label: `Label🏷️`',
  timestamp: '2022-01-05T11:51:42.878Z'
}
{
  level: 'error',
  message: SyntaxError: Unexpected token h in JSON at position 0
      at JSON.parse (<anonymous>)
      at model.get (C:\Users\Niloufar\Documents\shop-project\NodeJS Application\models\Brand.js:25:25)
      at model.get (C:\Users\Niloufar\Documents\shop-project\NodeJS Application\node_modules\sequelize\lib\model.js:3498:41)
      at model.get (C:\Users\Niloufar\Documents\shop-project\NodeJS Application\node_modules\sequelize\lib\model.js:3532:33)
      at model.toJSON (C:\Users\Niloufar\Documents\shop-project\NodeJS Application\node_modules\sequelize\lib\model.js:4401:12)
      at JSON.stringify (<anonymous>)
      at stringify (C:\Users\Niloufar\Documents\shop-project\NodeJS Application\node_modules\express\lib\response.js:1128:12)
      at ServerResponse.json (C:\Users\Niloufar\Documents\shop-project\NodeJS Application\node_modules\express\lib\response.js:260:14)
      at ServerResponse.send (C:\Users\Niloufar\Documents\shop-project\NodeJS Application\node_modules\express\lib\response.js:158:21)
      at exports.index (C:\Users\Niloufar\Documents\shop-project\NodeJS Application\Admin\controller\product\brandController.js:100:32)
      at processTicksAndRejections (internal/process/task_queues.js:95:5),
  label: '  label: `Label🏷️`',
  timestamp: '2022-01-05T11:53:03.639Z'
}
{
  level: 'error',
  message: SyntaxError: Unexpected token h in JSON at position 0
      at JSON.parse (<anonymous>)
      at model.get (C:\Users\Niloufar\Documents\shop-project\NodeJS Application\models\Brand.js:25:25)
      at model.get (C:\Users\Niloufar\Documents\shop-project\NodeJS Application\node_modules\sequelize\lib\model.js:3498:41)
      at model.get (C:\Users\Niloufar\Documents\shop-project\NodeJS Application\node_modules\sequelize\lib\model.js:3532:33)
      at model.toJSON (C:\Users\Niloufar\Documents\shop-project\NodeJS Application\node_modules\sequelize\lib\model.js:4401:12)
      at JSON.stringify (<anonymous>)
      at stringify (C:\Users\Niloufar\Documents\shop-project\NodeJS Application\node_modules\express\lib\response.js:1128:12)
      at ServerResponse.json (C:\Users\Niloufar\Documents\shop-project\NodeJS Application\node_modules\express\lib\response.js:260:14)
      at ServerResponse.send (C:\Users\Niloufar\Documents\shop-project\NodeJS Application\node_modules\express\lib\response.js:158:21)
      at exports.index (C:\Users\Niloufar\Documents\shop-project\NodeJS Application\Admin\controller\product\brandController.js:100:32)
      at processTicksAndRejections (internal/process/task_queues.js:95:5),
  label: '  label: `Label🏷️`',
  timestamp: '2022-01-05T11:53:36.516Z'
}
{
  level: 'error',
  message: SyntaxError: Unexpected token h in JSON at position 0
      at JSON.parse (<anonymous>)
      at model.get (C:\Users\Niloufar\Documents\shop-project\NodeJS Application\models\Brand.js:25:25)
      at model.get (C:\Users\Niloufar\Documents\shop-project\NodeJS Application\node_modules\sequelize\lib\model.js:3498:41)
      at model.get (C:\Users\Niloufar\Documents\shop-project\NodeJS Application\node_modules\sequelize\lib\model.js:3532:33)
      at model.toJSON (C:\Users\Niloufar\Documents\shop-project\NodeJS Application\node_modules\sequelize\lib\model.js:4401:12)
      at JSON.stringify (<anonymous>)
      at stringify (C:\Users\Niloufar\Documents\shop-project\NodeJS Application\node_modules\express\lib\response.js:1128:12)
      at ServerResponse.json (C:\Users\Niloufar\Documents\shop-project\NodeJS Application\node_modules\express\lib\response.js:260:14)
      at ServerResponse.send (C:\Users\Niloufar\Documents\shop-project\NodeJS Application\node_modules\express\lib\response.js:158:21)
      at exports.index (C:\Users\Niloufar\Documents\shop-project\NodeJS Application\Admin\controller\product\brandController.js:100:32)
      at processTicksAndRejections (internal/process/task_queues.js:95:5),
  label: '  label: `Label🏷️`',
  timestamp: '2022-01-05T11:53:38.280Z'
}
{
  level: 'error',
  message: SyntaxError: Unexpected token h in JSON at position 0
      at JSON.parse (<anonymous>)
      at model.get (C:\Users\Niloufar\Documents\shop-project\NodeJS Application\models\Product.js:44:25)
      at model.get (C:\Users\Niloufar\Documents\shop-project\NodeJS Application\node_modules\sequelize\lib\model.js:3498:41)
      at model.get (C:\Users\Niloufar\Documents\shop-project\NodeJS Application\node_modules\sequelize\lib\model.js:3532:33)
      at model.toJSON (C:\Users\Niloufar\Documents\shop-project\NodeJS Application\node_modules\sequelize\lib\model.js:4401:12)
      at JSON.stringify (<anonymous>)
      at stringify (C:\Users\Niloufar\Documents\shop-project\NodeJS Application\node_modules\express\lib\response.js:1128:12)
      at ServerResponse.json (C:\Users\Niloufar\Documents\shop-project\NodeJS Application\node_modules\express\lib\response.js:260:14)
      at ServerResponse.send (C:\Users\Niloufar\Documents\shop-project\NodeJS Application\node_modules\express\lib\response.js:158:21)
      at exports.index (C:\Users\Niloufar\Documents\shop-project\NodeJS Application\Admin\controller\product\productController.js:127:32)
      at processTicksAndRejections (internal/process/task_queues.js:95:5),
  label: '  label: `Label🏷️`',
  timestamp: '2022-01-05T12:05:09.974Z'
}
{
  level: 'error',
  message: SyntaxError: Unexpected token h in JSON at position 0
      at JSON.parse (<anonymous>)
      at model.get (C:\Users\Niloufar\Documents\shop-project\NodeJS Application\models\Product.js:44:25)
      at model.get (C:\Users\Niloufar\Documents\shop-project\NodeJS Application\node_modules\sequelize\lib\model.js:3498:41)
      at model.get (C:\Users\Niloufar\Documents\shop-project\NodeJS Application\node_modules\sequelize\lib\model.js:3532:33)
      at model.toJSON (C:\Users\Niloufar\Documents\shop-project\NodeJS Application\node_modules\sequelize\lib\model.js:4401:12)
      at JSON.stringify (<anonymous>)
      at stringify (C:\Users\Niloufar\Documents\shop-project\NodeJS Application\node_modules\express\lib\response.js:1128:12)
      at ServerResponse.json (C:\Users\Niloufar\Documents\shop-project\NodeJS Application\node_modules\express\lib\response.js:260:14)
      at ServerResponse.send (C:\Users\Niloufar\Documents\shop-project\NodeJS Application\node_modules\express\lib\response.js:158:21)
      at exports.index (C:\Users\Niloufar\Documents\shop-project\NodeJS Application\Admin\controller\product\productController.js:127:32)
      at processTicksAndRejections (internal/process/task_queues.js:95:5),
  label: '  label: `Label🏷️`',
  timestamp: '2022-01-05T12:05:11.728Z'
}
{
  level: 'error',
  message: SyntaxError: Unexpected token h in JSON at position 0
      at JSON.parse (<anonymous>)
      at model.get (C:\Users\Niloufar\Documents\shop-project\NodeJS Application\models\Product.js:44:25)
      at model.get (C:\Users\Niloufar\Documents\shop-project\NodeJS Application\node_modules\sequelize\lib\model.js:3498:41)
      at model.get (C:\Users\Niloufar\Documents\shop-project\NodeJS Application\node_modules\sequelize\lib\model.js:3532:33)
      at model.toJSON (C:\Users\Niloufar\Documents\shop-project\NodeJS Application\node_modules\sequelize\lib\model.js:4401:12)
      at JSON.stringify (<anonymous>)
      at stringify (C:\Users\Niloufar\Documents\shop-project\NodeJS Application\node_modules\express\lib\response.js:1128:12)
      at ServerResponse.json (C:\Users\Niloufar\Documents\shop-project\NodeJS Application\node_modules\express\lib\response.js:260:14)
      at ServerResponse.send (C:\Users\Niloufar\Documents\shop-project\NodeJS Application\node_modules\express\lib\response.js:158:21)
      at exports.index (C:\Users\Niloufar\Documents\shop-project\NodeJS Application\Admin\controller\product\productController.js:127:32)
      at processTicksAndRejections (internal/process/task_queues.js:95:5),
  label: '  label: `Label🏷️`',
  timestamp: '2022-01-05T12:06:44.314Z'
}
{
  level: 'error',
  message: Error: SequelizeDatabaseError: Unknown column 'product.categoryId' in 'field list'
      at Object.exports.indexProducts (C:\Users\Niloufar\Documents\shop-project\NodeJS Application\Customer\services\product\userService.js:78:15)
      at processTicksAndRejections (internal/process/task_queues.js:95:5)
      at async exports.index (C:\Users\Niloufar\Documents\shop-project\NodeJS Application\Customer\controller\product\productController.js:24:38),
  label: '  label: `Label🏷️`',
  timestamp: '2022-01-08T13:33:46.420Z'
}
{
  level: 'error',
  message: Error: SequelizeDatabaseError: Unknown column 'totalQuantity' in 'field list'
      at Object.exports.add (C:\Users\Niloufar\Documents\shop-project\NodeJS Application\Customer\services\cart\cart.js:84:15)
      at processTicksAndRejections (internal/process/task_queues.js:95:5)
      at async exports.store (C:\Users\Niloufar\Documents\shop-project\NodeJS Application\Customer\controller\cart\cartController.js:7:35),
  label: '  label: `Label🏷️`',
  timestamp: '2022-01-10T14:52:26.970Z'
}
{
  level: 'error',
  message: Error: SequelizeValidationError: notNull Violation: orderItem.unit_price cannot be null
      at Object.exports.add (C:\Users\Niloufar\Documents\shop-project\NodeJS Application\Customer\services\cart\cart.js:84:15)
      at processTicksAndRejections (internal/process/task_queues.js:95:5)
      at async exports.store (C:\Users\Niloufar\Documents\shop-project\NodeJS Application\Customer\controller\cart\cartController.js:7:35),
  label: '  label: `Label🏷️`',
  timestamp: '2022-01-10T14:54:51.817Z'
}
{
  level: 'error',
  message: Error: ReferenceError: editedCategory is not defined
      at Object.exports.updatecategory (C:\Users\Niloufar\Documents\shop-project\NodeJS Application\Admin\services\Product\categoryService.js:112:15)
      at processTicksAndRejections (internal/process/task_queues.js:95:5)
      at async exports.update (C:\Users\Niloufar\Documents\shop-project\NodeJS Application\Admin\controller\product\categoryController.js:53:41),
  label: '  label: `Label🏷️`',
  timestamp: '2022-01-16T15:31:01.397Z'
}
{
  level: 'error',
  message: Error: SequelizeUniqueConstraintError: Validation error
      at Object.exports.updatecategory (C:\Users\Niloufar\Documents\shop-project\NodeJS Application\Admin\services\Product\categoryService.js:115:15)
      at processTicksAndRejections (internal/process/task_queues.js:95:5)
      at async exports.update (C:\Users\Niloufar\Documents\shop-project\NodeJS Application\Admin\controller\product\categoryController.js:53:41),
  label: '  label: `Label🏷️`',
  timestamp: '2022-01-16T15:43:32.112Z'
}
{
  level: 'error',
  message: Error: TypeError: Cannot read property 'children' of undefined
      at Object.exports.getcategory (C:\Users\Niloufar\Documents\shop-project\NodeJS Application\Admin\services\Product\categoryService.js:81:15)
      at processTicksAndRejections (internal/process/task_queues.js:95:5)
      at async exports.index (C:\Users\Niloufar\Documents\shop-project\NodeJS Application\Admin\controller\product\categoryController.js:99:39),
  label: '  label: `Label🏷️`',
  timestamp: '2022-01-16T15:48:18.226Z'
}
{
  level: 'error',
  message: Error: TypeError: Cannot read property 'children' of undefined
      at Object.exports.getcategory (C:\Users\Niloufar\Documents\shop-project\NodeJS Application\Admin\services\Product\categoryService.js:80:15)
      at processTicksAndRejections (internal/process/task_queues.js:95:5)
      at async exports.index (C:\Users\Niloufar\Documents\shop-project\NodeJS Application\Admin\controller\product\categoryController.js:99:39),
  label: '  label: `Label🏷️`',
  timestamp: '2022-01-16T16:08:55.947Z'
}
{
  level: 'error',
  message: Error: TypeError: Cannot read property 'children' of undefined
      at Object.exports.getcategory (C:\Users\Niloufar\Documents\shop-project\NodeJS Application\Admin\services\Product\categoryService.js:80:15)
      at processTicksAndRejections (internal/process/task_queues.js:95:5)
      at async exports.index (C:\Users\Niloufar\Documents\shop-project\NodeJS Application\Admin\controller\product\categoryController.js:99:39),
  label: '  label: `Label🏷️`',
  timestamp: '2022-01-18T17:59:26.965Z'
}
{
  level: 'error',
  message: Error: TypeError: Cannot read property 'children' of undefined
      at Object.exports.getcategory (C:\Users\Niloufar\Documents\shop-project\NodeJS Application\Admin\services\Product\categoryService.js:80:15)
      at processTicksAndRejections (internal/process/task_queues.js:95:5)
      at async exports.index (C:\Users\Niloufar\Documents\shop-project\NodeJS Application\Admin\controller\product\categoryController.js:99:39),
  label: '  label: `Label🏷️`',
  timestamp: '2022-01-18T18:01:53.624Z'
}
{
  level: 'error',
  message: Error: TypeError: Cannot read property 'children' of undefined
      at Object.exports.getcategory (C:\Users\Niloufar\Documents\shop-project\NodeJS Application\Admin\services\Product\categoryService.js:81:15)
      at processTicksAndRejections (internal/process/task_queues.js:95:5)
      at async exports.index (C:\Users\Niloufar\Documents\shop-project\NodeJS Application\Admin\controller\product\categoryController.js:99:39),
  label: '  label: `Label🏷️`',
  timestamp: '2022-01-18T18:03:27.356Z'
}
{
  level: 'error',
  message: Error: TypeError: Cannot read property 'children' of undefined
      at Object.exports.getcategory (C:\Users\Niloufar\Documents\shop-project\NodeJS Application\Admin\services\Product\categoryService.js:81:15)
      at processTicksAndRejections (internal/process/task_queues.js:95:5)
      at async exports.index (C:\Users\Niloufar\Documents\shop-project\NodeJS Application\Admin\controller\product\categoryController.js:99:39),
  label: '  label: `Label🏷️`',
  timestamp: '2022-01-18T18:03:53.818Z'
}
{
  level: 'error',
  message: Error: ReferenceError: prob is not defined
      at Object.exports.getcategory (C:\Users\Niloufar\Documents\shop-project\NodeJS Application\Admin\services\Product\categoryService.js:114:15)
      at processTicksAndRejections (internal/process/task_queues.js:95:5)
      at async exports.index (C:\Users\Niloufar\Documents\shop-project\NodeJS Application\Admin\controller\product\categoryController.js:99:39),
  label: '  label: `Label🏷️`',
  timestamp: '2022-01-19T07:57:13.836Z'
}
{
  level: 'error',
  message: TypeError: logIndexResponse.json is not a function
      at exports.index (C:\Users\Niloufar\Documents\shop-project\NodeJS Application\Admin\controller\log\logController.js:25:38)
      at processTicksAndRejections (internal/process/task_queues.js:95:5),
  label: '  label: `Label🏷️`',
  timestamp: '2022-01-19T09:18:33.691Z'
}
{
  level: 'error',
  message: SyntaxError: Unexpected token l in JSON at position 4
      at JSON.parse (<anonymous>)
      at exports.index (C:\Users\Niloufar\Documents\shop-project\NodeJS Application\Admin\controller\log\logController.js:25:22)
      at processTicksAndRejections (internal/process/task_queues.js:95:5),
  label: '  label: `Label🏷️`',
  timestamp: '2022-01-19T09:21:43.253Z'
}
{"level":"error","message":{}}
{"level":"error","message":{}}
{"label":"  label: `Label🏷️`","level":"error","message":{},"timestamp":"2022-01-19T09:30:02.605Z"}
{"label":"  label: `Label🏷️`","level":"error","message":{},"timestamp":"2022-01-19T09:30:15.884Z"}
{"label":"  label: `Label🏷️`","level":"error","message":{},"timestamp":"2022-01-19T09:32:09.129Z"}
{"label":"  label: `Label🏷️`","level":"error","message":{},"timestamp":"2022-01-19T09:33:00.033Z"}
{"label":"  label: `Label🏷️`","level":"error","message":{},"timestamp":"2022-01-19T09:33:10.093Z"}
{"label":"  label: `Label🏷️`","level":"error","message":{},"timestamp":"2022-01-19T09:33:49.657Z"}
{"label":"  label: `Label🏷️`","level":"error","message":{},"timestamp":"2022-01-19T09:35:23.055Z"}
{"label":"  label: `Label🏷️`","level":"error","message":{},"timestamp":"2022-01-19T09:37:43.094Z"}
{
  level: 'error',
  message: ReferenceError: x is not defined
      at exports.index (C:\Users\Niloufar\Documents\shop-project\NodeJS Application\Admin\controller\log\logController.js:25:21)
      at processTicksAndRejections (internal/process/task_queues.js:95:5),
  label: '  label: `Label🏷️`',
  timestamp: '2022-01-19T09:38:47.770Z'
}
{"label":"category one","level":"error","message":{"body":"{\r\n    \"permissionId\": [\r\n        \"5\",\r\n     \r\n    ]\r\n}","expose":true,"status":400,"statusCode":400,"type":"entity.parse.failed"}}
{"label":"category one","level":"error","message":{}}
