
{
  level: 'error',
  message: ReferenceError: x is not defined
      at exports.index (C:\Users\Niloufar\Documents\shop-project\NodeJS Application\Admin\controller\log\logController.js:25:21)
      at processTicksAndRejections (internal/process/task_queues.js:95:5),
  label: '  label: `Label🏷️`',
  timestamp: '2022-01-19T09:38:47.770Z'
}
{"label":"category one","level":"error","message":{}}
{"label":"category one","level":"error","message":{}}
{
  level: 'error',
  message: Error: TypeError: Cannot read property 'length' of undefined
      at Object.exports.getcategory (C:\Users\Niloufar\Documents\shop-project\NodeJS Application\Admin\services\Product\categoryService.js:107:15)
      at processTicksAndRejections (internal/process/task_queues.js:95:5)
      at async exports.index (C:\Users\Niloufar\Documents\shop-project\NodeJS Application\Admin\controller\product\categoryController.js:99:39),
  label: '  label: `Label🏷️`',
  timestamp: '2022-01-20T09:57:17.199Z'
}
{
  level: 'error',
  message: Error: TypeError: list.forEach is not a function
      at Object.exports.getcategory (C:\Users\Niloufar\Documents\shop-project\NodeJS Application\Admin\services\Product\categoryService.js:115:15)
      at processTicksAndRejections (internal/process/task_queues.js:95:5)
      at async exports.index (C:\Users\Niloufar\Documents\shop-project\NodeJS Application\Admin\controller\product\categoryController.js:99:39),
  label: '  label: `Label🏷️`',
  timestamp: '2022-01-20T11:06:29.113Z'
}
{
  level: 'error',
  message: Error: TypeError: list.forEach is not a function
      at Object.exports.getcategory (C:\Users\Niloufar\Documents\shop-project\NodeJS Application\Admin\services\Product\categoryService.js:115:15)
      at processTicksAndRejections (internal/process/task_queues.js:95:5)
      at async exports.index (C:\Users\Niloufar\Documents\shop-project\NodeJS Application\Admin\controller\product\categoryController.js:99:39),
  label: '  label: `Label🏷️`',
  timestamp: '2022-01-20T11:06:51.428Z'
}
{
  level: 'error',
  message: Error: TypeError: Cannot read property 'children' of undefined
      at Object.exports.getcategory (C:\Users\Niloufar\Documents\shop-project\NodeJS Application\Admin\services\Product\categoryService.js:115:15)
      at processTicksAndRejections (internal/process/task_queues.js:95:5)
      at async exports.index (C:\Users\Niloufar\Documents\shop-project\NodeJS Application\Admin\controller\product\categoryController.js:99:39),
  label: '  label: `Label🏷️`',
  timestamp: '2022-01-21T08:30:51.997Z'
}
{
  level: 'error',
  message: Error: TypeError: Cannot read property 'children' of undefined
      at Object.exports.getcategory (C:\Users\Niloufar\Documents\shop-project\NodeJS Application\Admin\services\Product\categoryService.js:115:15)
      at processTicksAndRejections (internal/process/task_queues.js:95:5)
      at async exports.index (C:\Users\Niloufar\Documents\shop-project\NodeJS Application\Admin\controller\product\categoryController.js:99:39),
  label: '  label: `Label🏷️`',
  timestamp: '2022-01-21T08:31:30.543Z'
}
{
  level: 'error',
  message: Error: TypeError: list.forEach is not a function
      at Object.exports.getcategory (C:\Users\Niloufar\Documents\shop-project\NodeJS Application\Admin\services\Product\categoryService.js:115:15)
      at processTicksAndRejections (internal/process/task_queues.js:95:5)
      at async exports.index (C:\Users\Niloufar\Documents\shop-project\NodeJS Application\Admin\controller\product\categoryController.js:99:39),
  label: '  label: `Label🏷️`',
  timestamp: '2022-01-21T08:52:41.138Z'
}
{
  level: 'error',
  message: Error: ReferenceError: x is not defined
      at Object.exports.getcategory (C:\Users\Niloufar\Documents\shop-project\NodeJS Application\Admin\services\Product\categoryService.js:123:15)
      at processTicksAndRejections (internal/process/task_queues.js:95:5)
      at async exports.index (C:\Users\Niloufar\Documents\shop-project\NodeJS Application\Admin\controller\product\categoryController.js:99:39),
  label: '  label: `Label🏷️`',
  timestamp: '2022-01-21T09:39:18.265Z'
}
{
  level: 'error',
  message: Error: ReferenceError: x is not defined
      at Object.exports.updatecategory (C:\Users\Niloufar\Documents\shop-project\NodeJS Application\Admin\services\Product\categoryService.js:153:15)
      at processTicksAndRejections (internal/process/task_queues.js:95:5)
      at async exports.update (C:\Users\Niloufar\Documents\shop-project\NodeJS Application\Admin\controller\product\categoryController.js:53:41),
  label: '  label: `Label🏷️`',
  timestamp: '2022-01-21T10:05:21.617Z'
}
{
  level: 'error',
  message: Error: SequelizeUniqueConstraintError: Validation error
      at Object.exports.updatecategory (C:\Users\Niloufar\Documents\shop-project\NodeJS Application\Admin\services\Product\categoryService.js:158:15)
      at processTicksAndRejections (internal/process/task_queues.js:95:5)
      at async exports.update (C:\Users\Niloufar\Documents\shop-project\NodeJS Application\Admin\controller\product\categoryController.js:53:41),
  label: '  label: `Label🏷️`',
  timestamp: '2022-01-21T11:02:02.449Z'
}
{
  level: 'error',
  message: Error: SequelizeUniqueConstraintError: Validation error
      at Object.exports.updatecategory (C:\Users\Niloufar\Documents\shop-project\NodeJS Application\Admin\services\Product\categoryService.js:158:15)
      at processTicksAndRejections (internal/process/task_queues.js:95:5)
      at async exports.update (C:\Users\Niloufar\Documents\shop-project\NodeJS Application\Admin\controller\product\categoryController.js:53:41),
  label: '  label: `Label🏷️`',
  timestamp: '2022-01-21T11:02:08.563Z'
}

{
  level: 'error',
  message: SyntaxError: Unexpected token } in JSON at position 88
      at JSON.parse (<anonymous>)
      at parse (C:\Users\Niloufar\Documents\shop-project\NodeJS Application\node_modules\body-parser\lib\types\json.js:89:19)
      at C:\Users\Niloufar\Documents\shop-project\NodeJS Application\node_modules\body-parser\lib\read.js:121:18
      at invokeCallback (C:\Users\Niloufar\Documents\shop-project\NodeJS Application\node_modules\raw-body\index.js:224:16)
      at done (C:\Users\Niloufar\Documents\shop-project\NodeJS Application\node_modules\raw-body\index.js:213:7)
      at IncomingMessage.onEnd (C:\Users\Niloufar\Documents\shop-project\NodeJS Application\node_modules\raw-body\index.js:273:7)
      at IncomingMessage.emit (events.js:412:35)
      at endReadableNT (internal/streams/readable.js:1317:12)
      at processTicksAndRejections (internal/process/task_queues.js:82:21) {
    expose: true,
    statusCode: 400,
    status: 400,
    body: '{\r\n' +
      '    "username": "fatemehPccddakgedkan",\r\n' +
      '    "password": "123456789Fateme##",\r\n' +
      '\r\n' +
      '\r\n' +
      '\r\n' +
      '}',
    type: 'entity.parse.failed'
  },
  label: '  label: `Label🏷️`',
  timestamp: '2022-01-24T20:23:28.455Z'
}
{
  level: 'error',
  message: Error: TypeError: Cannot read property 'toJSON' of null
      at Object.exports.store (C:\Users\Niloufar\Documents\shop-project\NodeJS Application\Customer\services\order\order.js:66:15)
      at processTicksAndRejections (internal/process/task_queues.js:95:5)
      at async exports.store (C:\Users\Niloufar\Documents\shop-project\NodeJS Application\Customer\controller\order\checkout.js:7:34),
  label: '  label: `Label🏷️`',
  timestamp: '2022-01-25T07:37:55.651Z'
}
{
  level: 'error',
  message: Error: TypeError: Cannot read property 'toJSON' of null
      at Object.exports.store (C:\Users\Niloufar\Documents\shop-project\NodeJS Application\Customer\services\order\order.js:66:15)
      at processTicksAndRejections (internal/process/task_queues.js:95:5)
      at async exports.store (C:\Users\Niloufar\Documents\shop-project\NodeJS Application\Customer\controller\order\checkout.js:7:34),
  label: '  label: `Label🏷️`',
  timestamp: '2022-01-25T07:42:25.395Z'
}
{
  level: 'error',
  message: Error: TypeError: Cannot read property 'toJSON' of null
      at Object.exports.store (C:\Users\Niloufar\Documents\shop-project\NodeJS Application\Customer\services\order\order.js:66:15)
      at processTicksAndRejections (internal/process/task_queues.js:95:5)
      at async exports.store (C:\Users\Niloufar\Documents\shop-project\NodeJS Application\Customer\controller\order\checkout.js:7:34),
  label: '  label: `Label🏷️`',
  timestamp: '2022-01-25T07:43:33.940Z'
}
{
  level: 'error',
  message: Error: TypeError: Cannot read property 'toJSON' of null
      at Object.exports.store (C:\Users\Niloufar\Documents\shop-project\NodeJS Application\Customer\services\order\order.js:66:15)
      at processTicksAndRejections (internal/process/task_queues.js:95:5)
      at async exports.store (C:\Users\Niloufar\Documents\shop-project\NodeJS Application\Customer\controller\order\checkout.js:7:34),
  label: '  label: `Label🏷️`',
  timestamp: '2022-01-25T07:44:09.593Z'
}
{
  level: 'error',
  message: Error [ERR_HTTP_HEADERS_SENT]: Cannot set headers after they are sent to the client
      at ServerResponse.setHeader (_http_outgoing.js:561:11)
      at ServerResponse.header (C:\Users\Niloufar\Documents\shop-project\NodeJS Application\node_modules\express\lib\response.js:776:10)
      at ServerResponse.send (C:\Users\Niloufar\Documents\shop-project\NodeJS Application\node_modules\express\lib\response.js:170:12)
      at ServerResponse.json (C:\Users\Niloufar\Documents\shop-project\NodeJS Application\node_modules\express\lib\response.js:267:15)
      at ServerResponse.send (C:\Users\Niloufar\Documents\shop-project\NodeJS Application\node_modules\express\lib\response.js:158:21)
      at exports.update (C:\Users\Niloufar\Documents\shop-project\NodeJS Application\Admin\controller\product\productController.js:48:32)
      at processTicksAndRejections (internal/process/task_queues.js:95:5) {
    code: 'ERR_HTTP_HEADERS_SENT'
  },
  label: '  label: `Label🏷️`',
  timestamp: '2022-01-25T07:59:05.877Z'
}
{
  level: 'error',
  message: Error: ReferenceError: lname is not defined
      at Object.exports.AddPaymentId (C:\Users\Niloufar\Documents\shop-project\NodeJS Application\Customer\services\order\order.js:135:15)
      at processTicksAndRejections (internal/process/task_queues.js:95:5)
      at async exports.addPayment (C:\Users\Niloufar\Documents\shop-project\NodeJS Application\Customer\controller\order\AddPaymentId.js:7:38),
  label: '  label: `Label🏷️`',
  timestamp: '2022-01-25T09:20:50.632Z'
}
